
INFO:    SpyGlass will run template(s)/goal(s) 'initial_rtl/lint/connectivity'.

SpyGlass(R) Predictive Analyzer - Version 4.4.0
Last compiled on Jul 27 2010

All Rights Reserved. Use, disclosure or duplication
without prior written permission of Atrenta Inc. is prohibited.
Technical support: email support@atrenta.com or dial 1-866-ATRENTA.

INFO [317]    '-64bit' command-line option is redundant as default run mode is set to 64bit on 64bit machine.

RULE-CHECKING IN MIXED MODE
Loading spyglass (4.4.0) ... (picked from /qixin/eda/SpyGlass-4.4.0/SPYGLASS_HOME/policies/spyglass)
Loading erc (4.4.0) ... (picked from /qixin/eda/SpyGlass-4.4.0/SPYGLASS_HOME/policies/erc)
Loading lint (4.4.0) ... (picked from /qixin/eda/SpyGlass-4.4.0/SPYGLASS_HOME/policies/lint)
Loading morelint (4.4.0) ... (picked from /qixin/eda/SpyGlass-4.4.0/SPYGLASS_HOME/policies/morelint)
Loading openmore (4.4.0) ... (picked from /qixin/eda/SpyGlass-4.4.0/SPYGLASS_HOME/policies/openmore)
Loading starc2005 (4.4.0) ... (picked from /qixin/eda/SpyGlass-4.4.0/SPYGLASS_HOME/policies/starc2005)
Loading clock-reset (4.4.0) ... (picked from /qixin/eda/SpyGlass-4.4.0/SPYGLASS_HOME/policies/clock)
Loading starc (4.4.0) ... (picked from /qixin/eda/SpyGlass-4.4.0/SPYGLASS_HOME/policies/starc)
Loading starc2002 (4.4.0) ... (picked from /qixin/eda/SpyGlass-4.4.0/SPYGLASS_HOME/policies/starc2002)

WARNING [237]    Following rules can not run on restored design database. Hence, HDL being re-read:
                 W110
                 W123
                 STARC05-2.1.3.1

INFO [76]    Using `./Project-1/WORK/64' as the Work Directory for 64bit precompiled dump.
Checking Rule Clock_setup01 (Rule 1 of total 207) .... done (Time = 0s, Memory = 1.4K)
Checking Rule Param_clockreset06 (Rule 2 of total 207) .... done (Time = 0s, Memory = 0.0K)
Checking Rule PrecompileLibCheck01 (Rule 3 of total 207) .... done (Time = 0s, Memory = 0.0K)
Checking Rule PrecompileLibCheck02 (Rule 4 of total 207) .... done (Time = 0s, Memory = 0.0K)
Checking Rule PrecompileLibCheck03 (Rule 5 of total 207) .... done (Time = 0s, Memory = 0.0K)
Checking Rule PrecompileLibCheck04 (Rule 6 of total 207) .... done (Time = 0s, Memory = 0.0K)
Checking Rule SGDC_assume_path01 (Rule 7 of total 207) .... done (Time = 0s, Memory = 0.0K)
Checking Rule SGDC_sdcschema02 (Rule 8 of total 207) .... done (Time = 0s, Memory = 0.8K)
Checking Rule SGDC_clock05 (Rule 9 of total 207) .... done (Time = 0s, Memory = 0.0K)
Checking Rule SGDC_clock09 (Rule 10 of total 207) .... done (Time = 0s, Memory = 0.0K)
Checking Rule SGDC_force_ta05 (Rule 11 of total 207) .... done (Time = 0s, Memory = 0.0K)
Checking Rule SGDC_memorywritepin04 (Rule 12 of total 207) .... done (Time = 0s, Memory = 2.5K)
Checking Rule SGDC_require_path03 (Rule 13 of total 207) .... done (Time = 0s, Memory = 2.4K)
Checking Rule SGDC_require_value03 (Rule 14 of total 207) .... done (Time = 0s, Memory = 2.4K)
Checking Rule SGDC_reset02 (Rule 15 of total 207) .... done (Time = 0s, Memory = 2.5K)
Checking Rule SGDC_reset03 (Rule 16 of total 207) .... done (Time = 0s, Memory = 2.5K)
Checking Rule SGDC_voltagedomain05 (Rule 17 of total 207) .... done (Time = 0s, Memory = 4.5K)
Checking Rule SGDC_voltagedomain06 (Rule 18 of total 207) .... done (Time = 0s, Memory = 4.5K)
Checking Rule SGDC_voltagedomain07 (Rule 19 of total 207) .... done (Time = 0s, Memory = 4.5K)
Checking Rule SGDC_powerdomainoutputs02 (Rule 20 of total 207) .... done (Time = 0s, Memory = 4.6K)
Checking Rule SGDC_supply01 (Rule 21 of total 207) .... done (Time = 0s, Memory = 4.5K)
Checking Rule SGDC_waive01 (Rule 22 of total 207) .... done (Time = 0s, Memory = 0.0K)
Checking Rule SGDC_waive02 (Rule 23 of total 207) .... done (Time = 0s, Memory = 0.0K)
Checking Rule SGDC_waive03 (Rule 24 of total 207) .... done (Time = 0s, Memory = 0.0K)
Checking Rule SGDC_waive04 (Rule 25 of total 207) .... done (Time = 0s, Memory = 0.0K)
Checking Rule SGDC_waive05 (Rule 26 of total 207) .... done (Time = 0s, Memory = 0.0K)
Checking Rule SGDC_waive06 (Rule 27 of total 207) .... done (Time = 0s, Memory = 0.0K)
Checking Rule SGDC_waive07 (Rule 28 of total 207) .... done (Time = 0s, Memory = 0.0K)
Checking Rule SGDC_waive08 (Rule 29 of total 207) .... done (Time = 0s, Memory = 0.0K)
Checking Rule SGDC_waive09 (Rule 30 of total 207) .... done (Time = 0s, Memory = 0.0K)
Checking Rule SGDC_waive10 (Rule 31 of total 207) .... done (Time = 0s, Memory = 0.0K)
Checking Rule SGDC_waive11 (Rule 32 of total 207) .... done (Time = 0s, Memory = 0.0K)
Checking Rule SGDC_waive12 (Rule 33 of total 207) .... done (Time = 0s, Memory = 0.0K)
Checking Rule SGDC_waive13 (Rule 34 of total 207) .... done (Time = 0s, Memory = 0.0K)
Checking Rule SGDC_waive21 (Rule 35 of total 207) .... done (Time = 0s, Memory = 0.0K)
Checking Rule SGDC_waive22 (Rule 36 of total 207) .... done (Time = 0s, Memory = 0.0K)
Checking Rule SGDC_waive30 (Rule 37 of total 207) .... done (Time = 0s, Memory = 0.0K)
Checking Rule SGDC_waive32 (Rule 38 of total 207) .... done (Time = 0s, Memory = 0.0K)
Checking Rule SGDC_waive33 (Rule 39 of total 207) .... done (Time = 0s, Memory = 0.0K)
Checking Rule SGDC_waive36 (Rule 40 of total 207) .... done (Time = 0s, Memory = 0.0K)
Checking Rule SGDC_fifo01 (Rule 41 of total 207) .... done (Time = 0s, Memory = 2.7K)
Checking Rule SGDC_libgroup01 (Rule 42 of total 207) .... done (Time = 0s, Memory = 0.0K)
Checking Rule SGDC_libgroup02 (Rule 43 of total 207) .... done (Time = 0s, Memory = 0.0K)
Checking Rule SGDC_libgroup04 (Rule 44 of total 207) .... done (Time = 0s, Memory = 2.5K)
Checking Rule SGDC_power_data01 (Rule 45 of total 207) .... done (Time = 0s, Memory = 2.4K)
Checking Rule sdc_init_rule (Rule 46 of total 207) .... done (Time = 0s, Memory = 0.1K)
Checking Rule CMD_ignorelibs01 (Rule 47 of total 207) .... done (Time = 0s, Memory = 0.0K)
Checking Rule ReportRuleNotRun (Rule 48 of total 207) .... done (Time = 0s, Memory = 0.1K)
Checking Rule SGDC_abstract_port06 (Rule 49 of total 207) .... done (Time = 0s, Memory = 4.5K)
Checking Rule SGDC_abstract_port14 (Rule 50 of total 207) .... done (Time = 0s, Memory = 4.5K)
Checking Rule SGDC_abstract_port15 (Rule 51 of total 207) .... done (Time = 0s, Memory = 4.5K)
Checking Rule SGDC_abstract_port18 (Rule 52 of total 207) .... done (Time = 0s, Memory = 4.5K)
Checking Rule SGDC_network_allowed_cells01 (Rule 53 of total 207) .... done (Time = 0s, Memory = 4.5K)
Checking Rule SGDC_deltacheck_start02 (Rule 54 of total 207) .... done (Time = 0s, Memory = 2.4K)
Checking Rule SGDC_numflops01 (Rule 55 of total 207) .... done (Time = 0s, Memory = 2.8K)
Checking Rule SGDC_numflops07 (Rule 56 of total 207) .... done (Time = 0s, Memory = 4.5K)
Checking Rule SGDC_numflops08 (Rule 57 of total 207) .... done (Time = 0s, Memory = 4.5K)
Checking Rule SGDC_numflops09 (Rule 58 of total 207) .... done (Time = 0s, Memory = 4.5K)
Checking Rule SGDC_qualifier06 (Rule 59 of total 207) .... done (Time = 0s, Memory = 4.5K)
Checking Rule SGDC_qualifier07 (Rule 60 of total 207) .... done (Time = 0s, Memory = 4.5K)
Checking Rule SGDC_qualifier09 (Rule 61 of total 207) .... done (Time = 0s, Memory = 2.7K)
Checking Rule SGDC_allow_combo_logic01 (Rule 62 of total 207) .... done (Time = 0s, Memory = 2.6K)
Checking Rule Param_clockreset05 (Rule 63 of total 207) .... done (Time = 0s, Memory = 0.0K)
Checking Rule Ac_sanity01 (Rule 64 of total 207) .... done (Time = 0s, Memory = 0.0K)
Checking Rule Ac_sanity06 (Rule 65 of total 207) .... done (Time = 0s, Memory = 0.1K)
INFO: Higher Capacity Mode enabled
Checking Rule ReportStopSummary (Rule 66 of total 207) .... done (Time = 0s, Memory = 0.0K)
 Analyzing source file "ahb_clac_top.v" ....
 Analyzing source file "ahb_slave.v" ....
 Analyzing source file "clac.v" ....
 Elaborating Top Verilog Design Unit 'ahb_clac_top' .....
 done
Checking Rule ElabSummary (Rule 67 of total 207) .... done (Time = 0s, Memory = 0.2K)
Checking Rule ReportCheckDataSummary (Rule 68 of total 207) .... done (Time = 0s, Memory = 0.1K)
 Reading SGDC file "./Project-1/initial_rtl/lint/connectivity/spyglass_spysch/constraint/spg_autogenerated_waivers.sgdc" ...
 Generating SGDC file "./Project-1/initial_rtl/lint/connectivity/spyglass_spysch/constraint/pragma2Constraint.sgdc" from pragmas in HDL source files ....
 Reading SGDC file "./Project-1/initial_rtl/lint/connectivity/spyglass_spysch/constraint/pragma2Constraint.sgdc" ...
 Reading included SGDC file "./Project-1/initial_rtl/lint/connectivity/spyglass_spysch/constraint/pragma2Constraint_varfile.sgdc" ....
Checking Rule DetectTopDesignUnits (Rule 69 of total 207)
 Detected 1 top level design units:
     ahb_clac_top
 .... done (Time = 0s, Memory = 0.3K)
Performing semantic checks on SGDC contents
..... SGDC semantic checks completed.
Checking Rule SGDC_testmode03 (Rule 70 of total 207) .... done (Time = 0s, Memory = 0.0K)
Checking Rule ReportObsoletePragmas (Rule 71 of total 207) .... done (Time = 0s, Memory = 0.0K)
Checking Rule GenerateConfMap (Rule 72 of total 207) .... done (Time = 0s, Memory = 0.1K)
Checking Rule HdlLibDuCheck (Rule 73 of total 207) .... done (Time = 0s, Memory = 0.1K)
Checking Rule Ac_multitop01 (Rule 74 of total 207) .... done (Time = 0s, Memory = 0.1K)
Checking Rule AcOvlRtl (Rule 75 of total 207) .... done (Time = 0s, Memory = 0.4K)
Checking Rule AcOvlRtl (Rule 76 of total 207) .... done (Time = 0s, Memory = 0.2K)
Checking Rule RtlDesignInfo (Rule 77 of total 207) .... done (Time = 0s, Memory = 0.1K)
Checking Rule Ac_sanity05 (Rule 78 of total 207) .... done (Time = 0s, Memory = 0.1K)
Checking Rule Ac_sanity05 (Rule 79 of total 207) .... done (Time = 0s, Memory = 0.1K)
Checking Rule STARC05-AlwaysParamSetup (Rule 80 of total 207) .... done (Time = 0s, Memory = 0.0K)
Checking Rule STARC05-ProcessParamSetup (Rule 81 of total 207) .... done (Time = 0s, Memory = 0.0K)
Checking Rule Pragma_setupa (Rule 82 of total 207) .... done (Time = 0s, Memory = 0.0K)
Checking Rule Pragma_setupb (Rule 83 of total 207) .... done (Time = 0s, Memory = 0.1K)
Checking Rule CheckCelldefine (Rule 84 of total 207) .... done (Time = 0s, Memory = 0.0K)
Checking Rule SGDC_waive23 (Rule 85 of total 207) .... done (Time = 0s, Memory = 0.1K)
Checking Rule SGDC_waive26 (Rule 86 of total 207) .... done (Time = 0s, Memory = 0.0K)
Checking Rule SGDC_waive27 (Rule 87 of total 207) .... done (Time = 0s, Memory = 0.0K)
Checking Rule SGDC_waive29 (Rule 88 of total 207) .... done (Time = 0s, Memory = 0.0K)
Checking Rule Prereqs_RegInputOutputs (Rule 89 of total 207) .... done (Time = 0s, Memory = 0.0K)
Checking Rule Prereqs_RegOutputs (Rule 90 of total 207) .... done (Time = 0s, Memory = 0.0K)
Checking Rule SGDC_input02 (Rule 91 of total 207) .... done (Time = 0s, Memory = 0.1K)
Checking Rule SGDC_input03 (Rule 92 of total 207) .... done (Time = 0s, Memory = 0.1K)
Checking Rule SGDC_numflops03a (Rule 93 of total 207) .... done (Time = 0s, Memory = 0.1K)
Checking Rule SGDC_numflops03b (Rule 94 of total 207) .... done (Time = 0s, Memory = 0.1K)
Checking Rule SGDC_qualifier02b (Rule 95 of total 207) .... done (Time = 0s, Memory = 0.1K)
Checking Rule SGDC_qualifier02c (Rule 96 of total 207) .... done (Time = 0s, Memory = 0.1K)
Checking Rule _deltaDelay (Rule 97 of total 207) .... done (Time = 0s, Memory = 0.1K)
Checking Rule _deltaDelay (Rule 98 of total 207) .... done (Time = 0s, Memory = 0.1K)
Checking ELABDU Rules for designUnit ahb_clac_top
    Checking Rule W110 (Rule 99 of total 207) .... done (Time = 0s, Memory = 0.3K)
    Checking Rule W123 (Rule 100 of total 207) .... done (Time = 0s, Memory = 16.5K)
    Checking Rule W123 (Rule 101 of total 207) .... done (Time = 0s, Memory = 0.2K)
    Checking Rule Prereqs_Usage (Rule 102 of total 207) .... done (Time = 0s, Memory = -16.3K)
    Checking Rule STARC05-2.1.3.1 (Rule 103 of total 207) .... done (Time = 0s, Memory = 0.2K)
    Checking Rule syncRstReq (Rule 104 of total 207) .... done (Time = 0s, Memory = 0.1K)
    Checking Rule syncRstReq (Rule 105 of total 207) .... done (Time = 0s, Memory = 0.1K)
Checking ELABDU Rules for designUnit ahb_slave_clac
    Checking Rule W110 (Rule 99 of total 207) .... done (Time = 0s, Memory = 0.4K)
    Checking Rule W123 (Rule 100 of total 207) .... done (Time = 0s, Memory = 35.5K)
    Checking Rule W123 (Rule 101 of total 207) .... done (Time = 0s, Memory = 0.2K)
    Checking Rule Prereqs_Usage (Rule 102 of total 207) .... done (Time = 0s, Memory = -35.3K)
    Checking Rule STARC05-2.1.3.1 (Rule 103 of total 207) .... done (Time = 0s, Memory = 0.2K)
    Checking Rule syncRstReq (Rule 104 of total 207) .... done (Time = 0s, Memory = 0.1K)
    Checking Rule syncRstReq (Rule 105 of total 207) .... done (Time = 0s, Memory = 0.1K)
Checking ELABDU Rules for designUnit clac
    Checking Rule W110 (Rule 99 of total 207) .... done (Time = 0s, Memory = 0.4K)
    Checking Rule W123 (Rule 100 of total 207) .... done (Time = 0s, Memory = 48.8K)
    Checking Rule W123 (Rule 101 of total 207) .... done (Time = 0s, Memory = 0.2K)
    Checking Rule Prereqs_Usage (Rule 102 of total 207) .... done (Time = 0s, Memory = -48.5K)
    Checking Rule STARC05-2.1.3.1 (Rule 103 of total 207) .... done (Time = 0s, Memory = 0.2K)
    Checking Rule syncRstReq (Rule 104 of total 207) .... done (Time = 0s, Memory = 0.1K)
    Checking Rule syncRstReq (Rule 105 of total 207) .... done (Time = 0s, Memory = 0.1K)
Checking Rule SGDC_meta_design_hier01 (Rule 106 of total 207) .... done (Time = 0s, Memory = 0.1K)

INFO [235]    Restoring design database from directory './Project-1//.SG_SaveRestoreDB/autogenerated__default_snapshot' ...
              done

Checking Rule InferBlackBox (Rule 107 of total 207) .... done (Time = 0s, Memory = 0.0K)
Checking Rule SGDC_waive37 (Rule 108 of total 207) .... done (Time = 0s, Memory = 0.0K)
Checking Rule SGDC_waive24 (Rule 109 of total 207) .... done (Time = 0s, Memory = 0.0K)
Checking Rule SGDC_waive25 (Rule 110 of total 207) .... done (Time = 0s, Memory = 0.0K)
Checking Rule SGDC_waive31 (Rule 111 of total 207) .... done (Time = 0s, Memory = 0.0K)
Checking Rule SGDC_waive35 (Rule 112 of total 207) .... done (Time = 0s, Memory = 0.0K)
Performing semantic checks on SGDC contents
..... SGDC semantic checks completed.
Checking Rule SGDC_testmode03 (Rule 70 of total 207) .... done (Time = 0s, Memory = 0.1K)
Checking Rule _vhMeta01 (Rule 113 of total 207) .... done (Time = 0s, Memory = 0.1K)
Checking Rule _meta_delay01 (Rule 114 of total 207) .... done (Time = 0s, Memory = 0.1K)
Checking Rule HangingNetPreReq-ML (Rule 115 of total 207) .... done (Time = 0s, Memory = 0.1K)
Checking Rule _abstractPortSGDC (Rule 116 of total 207) .... done (Time = 0s, Memory = 0.1K)
Checking Rule SGDC_abstract_port03 (Rule 117 of total 207) .... done (Time = 0s, Memory = 0.2K)
Checking Rule SGDC_abstract_port04 (Rule 118 of total 207) .... done (Time = 0s, Memory = 0.1K)
Checking Rule SGDC_abstract_port05 (Rule 119 of total 207) .... done (Time = 0s, Memory = 0.1K)
Checking Rule SGDC_abstract_port07 (Rule 120 of total 207) .... done (Time = 0s, Memory = 0.2K)
Checking Rule SGDC_abstract_port08 (Rule 121 of total 207) .... done (Time = 0s, Memory = 0.1K)
Checking Rule SGDC_abstract_port10 (Rule 122 of total 207) .... done (Time = 0s, Memory = 0.1K)
Checking Rule SGDC_abstract_port11 (Rule 123 of total 207) .... done (Time = 0s, Memory = 0.2K)
Checking Rule SGDC_abstract_port12 (Rule 124 of total 207) .... done (Time = 0s, Memory = 0.1K)
Checking Rule SGDC_abstract_port13 (Rule 125 of total 207) .... done (Time = 0s, Memory = 0.1K)
Checking Rule SGDC_allow_combo_logic02 (Rule 126 of total 207) .... done (Time = 0s, Memory = 0.1K)
Checking Rule _portReten (Rule 127 of total 207) .... done (Time = 0s, Memory = 0.2K)
Checking Rule UndrivenInTerm-ML (Rule 128 of total 207) .... done (Time = 0s, Memory = 0.1K)
 Flattening ahb_clac_top (.lib instances not flattened) ....
 Flattening completed
Checking Rule checkPinConnectedToSupply (Rule 129 of total 207) .... done (Time = 0s, Memory = 0.1K)
 Flattening ahb_clac_top (.lib instances separately flattened) ....
 Flattening completed
Checking Rule _allowInst (Rule 130 of total 207) .... done (Time = 0s, Memory = 0.0K)
Checking Rule _ipblock (Rule 131 of total 207) .... done (Time = 0s, Memory = 0.0K)
Checking Rule Clock_setup02 (Rule 132 of total 207) .... done (Time = 0s, Memory = 7.4K)
Checking Rule _abstract_port (Rule 133 of total 207) .... done (Time = 0s, Memory = 0.0K)
Checking Rule Propagate_Clocks (Rule 134 of total 207) .... done (Time = 0s, Memory = 531.6K)
Checking Rule FalsePathSetup (Rule 135 of total 207) .... done (Time = 0s, Memory = 0.0K)
Checking Rule _syncc (Rule 136 of total 207) .... done (Time = 0s, Memory = 0.0K)
Checking Rule _syncb (Rule 137 of total 207) .... done (Time = 0s, Memory = 0.0K)
Checking Rule _syncd (Rule 138 of total 207) .... done (Time = 0s, Memory = 0.0K)
Checking Rule _syncg (Rule 139 of total 207) .... done (Time = 0s, Memory = 1.5K)
Checking Rule _sync_clock (Rule 140 of total 207) .... done (Time = 0s, Memory = 0.0K)
Checking Rule _sync_gp (Rule 141 of total 207) .... done (Time = 0s, Memory = 0.0K)
Checking Rule _sync_and (Rule 142 of total 207) .... done (Time = 0s, Memory = 0.0K)
Checking Rule _synci (Rule 143 of total 207) .... done (Time = 0s, Memory = 0.0K)
Checking Rule _fifo01 (Rule 144 of total 207) .... done (Time = 0s, Memory = 0.1K)
Checking Rule _syncfifo (Rule 145 of total 207) .... done (Time = 0s, Memory = 0.0K)
Checking Rule _syncUDfifo (Rule 146 of total 207) .... done (Time = 0s, Memory = 0.0K)
Checking Rule _syncdw (Rule 147 of total 207) .... done (Time = 0s, Memory = 0.0K)
Checking Rule _sync_qualifier (Rule 148 of total 207) .... done (Time = 0s, Memory = 0.0K)
Checking Rule SGDC_fifo11 (Rule 149 of total 207) .... done (Time = 0s, Memory = 0.0K)
Checking Rule SGDC_fifo12 (Rule 150 of total 207) .... done (Time = 0s, Memory = 0.0K)
Checking Rule SGDC_fifo13 (Rule 151 of total 207) .... done (Time = 0s, Memory = 0.0K)
Checking Rule SGDC_fifo14 (Rule 152 of total 207) .... done (Time = 0s, Memory = 0.0K)
Checking Rule Ac_Sync_Init (Rule 153 of total 207) .... done (Time = 0s, Memory = 0.0K)
Checking Rule Ac_license01 (Rule 154 of total 207) .... done (Time = 0s, Memory = 0.0K)
Checking Rule _debugData (Rule 155 of total 207) .... done (Time = 0s, Memory = 0.0K)
Checking Rule SGDC_set_case_analysis_LC (Rule 156 of total 207) .... done (Time = 0s, Memory = 0.1K)
Checking Rule SGDC_numflops03c (Rule 157 of total 207) .... done (Time = 0s, Memory = 0.0K)
Checking Rule SGDC_numflops04 (Rule 158 of total 207) .... done (Time = 0s, Memory = 0.0K)
Checking Rule SGDC_numflops05 (Rule 159 of total 207) .... done (Time = 0s, Memory = 0.0K)
Checking Rule SGDC_numflops06 (Rule 160 of total 207) .... done (Time = 0s, Memory = 0.0K)
Checking Rule SGDC_numflops11 (Rule 161 of total 207) .... done (Time = 0s, Memory = 0.0K)
Checking Rule SGDC_qualifier02a (Rule 162 of total 207) .... done (Time = 0s, Memory = 0.0K)
Checking Rule SGDC_qualifier03a (Rule 163 of total 207) .... done (Time = 0s, Memory = 0.0K)
Checking Rule SGDC_qualifier04 (Rule 164 of total 207) .... done (Time = 0s, Memory = 0.0K)
Checking Rule SGDC_qualifier05 (Rule 165 of total 207) .... done (Time = 0s, Memory = 0.0K)
Checking Rule SGDC_qualifier08 (Rule 166 of total 207) .... done (Time = 0s, Memory = 0.0K)
Checking Rule QualifierSetup (Rule 167 of total 207) .... done (Time = 0s, Memory = 0.0K)
Checking Rule SGDC_qualifier10 (Rule 168 of total 207) .... done (Time = 0s, Memory = 0.0K)
Checking Rule SGDC_define_reset_order03 (Rule 169 of total 207) .... done (Time = 0s, Memory = 0.0K)
Checking Rule SGDC_define_reset_order04 (Rule 170 of total 207) .... done (Time = 0s, Memory = 0.0K)
Checking Rule SGDC_define_reset_order05 (Rule 171 of total 207) .... done (Time = 0s, Memory = 0.0K)
Checking Rule SGDC_cdc_false_path04 (Rule 172 of total 207) .... done (Time = 0s, Memory = 0.0K)
Checking Rule CDCSet_License01 (Rule 173 of total 207) .... done (Time = 0s, Memory = 0.0K)
Checking Rule Propagate_Resets (Rule 174 of total 207) .... done (Time = 0s, Memory = 5.4K)
Checking Rule Info_Case_Analysis (Rule 175 of total 207) .... done (Time = 0s, Memory = 1.1K)
Checking Rule Sgdc_clockreset02 (Rule 176 of total 207) .... done (Time = 0s, Memory = 0.0K)
Checking Rule Param_clockreset02 (Rule 177 of total 207) .... done (Time = 0s, Memory = 0.0K)
Checking Rule Param_clockreset04 (Rule 178 of total 207) .... done (Time = 0s, Memory = 0.0K)
Checking Rule Setup_clockreset01 (Rule 179 of total 207) .... done (Time = 0s, Memory = 0.0K)
Checking Rule Clock_check07 (Rule 180 of total 207) .... done (Time = 0s, Memory = 0.0K)
Checking Rule Reset_check08 (Rule 181 of total 207) .... done (Time = 0s, Memory = 0.0K)
Checking Rule SGDC_noclockcell_start01 (Rule 182 of total 207) .... done (Time = 0s, Memory = 0.0K)
Checking Rule Ac_initseq01 (Rule 183 of total 207) .... done (Time = 0s, Memory = 0.0K)
Checking Rule Ac_init01 (Rule 184 of total 207) .... done (Time = 0s, Memory = 0.0K)
Checking Rule Ac_sanity02 (Rule 185 of total 207) .... done (Time = 0s, Memory = 0.0K)
Checking Rule Ac_sanity04 (Rule 186 of total 207) .... done (Time = 0s, Memory = 0.0K)
Checking Rule Ac_initstate01 (Rule 187 of total 207) .... done (Time = 0s, Memory = 0.0K)
Checking Rule Ac_report01 (Rule 188 of total 207) .... done (Time = 0s, Memory = 0.0K)
Checking Rule AllowComboLogicSetup (Rule 189 of total 207) .... done (Time = 0s, Memory = 0.0K)
Checking Rule Clock_exit01 (Rule 190 of total 207) .... done (Time = 0s, Memory = 0.0K)
Checking Rule AnalyzeBBox (Rule 191 of total 207) .... done (Time = 0s, Memory = 0.2K)
Checking Rule ReportCheckDataSummary (Rule 68 of total 207) .... done (Time = 0s, Memory = 0.1K)

SpyGlass Rule Checking Complete.

Generating runsummary report from './Project-1/initial_rtl/lint/connectivity/spyglass.vdb' ....

Generating moresimple report from './Project-1/initial_rtl/lint/connectivity/spyglass.vdb' to './Project-1/initial_rtl/lint/connectivity/spyglass_reports/moresimple.rpt' ....

Generating no_msg_reporting_rules report from './Project-1/initial_rtl/lint/connectivity/spyglass.vdb' to './Project-1/initial_rtl/lint/connectivity/spyglass_reports/no_msg_reporting_rules.rpt' ....

Policy specific data (reports) are present in the directory './Project-1/initial_rtl/lint/connectivity/spyglass_reports'.

---------------------------------------------------------------------------------------------
Results Summary:
---------------------------------------------------------------------------------------------
   Template/Goal Run  :      initial_rtl/lint/connectivity
   Command-line read  :      0 error,      0 warning,      0 information message 
   Design Read        :      0 error,      0 warning,      2 information messages
      Found 1 top module:
         ahb_clac_top   (file: ahb_clac_top.v)

   Blackbox Resolution:      0 error,      0 warning,      0 information message 
   SGDC Checks        :      0 error,      0 warning,      0 information message 
   Policy clock-reset :      0 error,      0 warning,      1 information message 
   -------------------------------------------------------------------------------------
   Total              :      0 error,      0 warning,      3 information messages

  Total Number of Generated Messages     :         3 (0 error, 0 warning, 3 Infos)
  Number of Reported Messages            :         3 (0 error, 0 warning, 3 Infos)

---------------------------------------------------------------------------------------------


SpyGlass Exit Code 0 (Rule-checking completed without errors or warnings)
